<?xml version="1.0" encoding="UTF-8"?>
<testsuite xmlns:xsi="http://www.w3.org/2001/XMLSchema-instance" xsi:noNamespaceSchemaLocation="https://maven.apache.org/surefire/maven-surefire-plugin/xsd/surefire-test-report.xsd" version="3.0.2" name="com.softwareanalytics.bank.BankAccountTest" time="0.134" tests="0" errors="0" skipped="0" failures="0">
  <properties>
[...]
</properties>
  <testcase name="applyInterestZeroBalance" classname="applyMonthlyInterest" time="0.022"/>
  <testcase name="applyInterestPositiveBalance" classname="applyMonthlyInterest" time="0.002"/>
  <testcase name="applyInterestNegativeRate" classname="applyMonthlyInterest" time="0.002"/>
  <testcase name="transferHappyPath" classname="transfer" time="0.001"/>
  <testcase name="transferNullTarget" classname="transfer" time="0.002"/>
  <testcase name="transferInsufficientFunds" classname="transfer" time="0.001"/>
  <testcase name="transferToSelf" classname="transfer" time="0.001"/>
  <testcase name="operationsAfterUnfreeze" classname="freeze / unfreeze" time="0.002"/>
  <testcase name="freezeSetsFrozen" classname="freeze / unfreeze" time="0.004"/>
  <testcase name="unfreezeRestores" classname="freeze / unfreeze" time="0.002"/>
  <testcase name="withdrawZeroAmount" classname="withdraw" time="0.002"/>
  <testcase name="withdrawInsufficientFunds" classname="withdraw" time="0.002"/>
  <testcase name="withdrawHappyPath" classname="withdraw" time="0.001"/>
  <testcase name="withdrawWhenFrozen" classname="withdraw" time="0.001"/>
  <testcase name="withdrawNegativeAmount" classname="withdraw" time="0.001"/>
  <testcase name="withdrawExactBalanceToZero" classname="withdraw" time="0.0"/>
  <testcase name="depositZeroAmount" classname="deposit" time="0.002"/>
  <testcase name="depositWhenFrozen" classname="deposit" time="0.001"/>
  <testcase name="depositHappyPath" classname="deposit" time="0.001"/>
  <testcase name="depositNegativeAmount" classname="deposit" time="0.001"/>
  <testcase name="depositMultipleTimes" classname="deposit" time="0.001"/>
  <testcase name="constructorWithZeroBalance" classname="Constructor" time="0.002"/>
  <testcase name="constructorNullOwner" classname="Constructor" time="0.002"/>
  <testcase name="constructorNegativeBalance" classname="Constructor" time="0.001"/>
  <testcase name="constructorWithValidArguments" classname="Constructor" time="0.001"/>
  <testcase name="constructorBlankOwner" classname="Constructor" time="0.001"/>
</testsuite>